<?xml version="1.0" encoding="UTF-8"?>
<!-- Generated by org.testng.reporters.JUnitReportReporter -->
<testsuite hostname="apples-MacBook-Pro-3.local" failures="0" tests="5" name="com.sentieo.mobile.Test1" time="0.133" errors="4" timestamp="2020-05-04T17:58:47 IST" skipped="1">
  <testcase classname="com.sentieo.mobile.Test1" name="setCsrfToken" time="0.123">
    <error message="Receiver class io.restassured.internal.ResponseParserRegistrar does not define or inherit an implementation of the resolved method abstract getProperty(Ljava/lang/String;)Ljava/lang/Object; of interface groovy.lang.GroovyObject." type="java.lang.AbstractMethodError">
      <![CDATA[java.lang.AbstractMethodError: Receiver class io.restassured.internal.ResponseParserRegistrar does not define or inherit an implementation of the resolved method abstract getProperty(Ljava/lang/String;)Ljava/lang/Object; of interface groovy.lang.GroovyObject.
at org.codehaus.groovy.runtime.callsite.PogoGetPropertySite.getProperty(PogoGetPropertySite.java:50)
at org.codehaus.groovy.runtime.callsite.AbstractCallSite.callGroovyObjectGetProperty(AbstractCallSite.java:307)
at io.restassured.internal.ResponseParserRegistrar.<init>(ResponseParserRegistrar.groovy:44)
at io.restassured.RestAssured.createTestSpecification(RestAssured.java:1448)
at io.restassured.RestAssured.given(RestAssured.java:653)
at com.sentieo.mobile.Test1.setCsrfToken(Test1.java:42)
at java.base/jdk.internal.reflect.NativeMethodAccessorImpl.invoke0(Native Method)
at java.base/jdk.internal.reflect.NativeMethodAccessorImpl.invoke(NativeMethodAccessorImpl.java:62)
at java.base/jdk.internal.reflect.DelegatingMethodAccessorImpl.invoke(DelegatingMethodAccessorImpl.java:43)
at java.base/java.lang.reflect.Method.invoke(Method.java:566)
at org.testng.internal.MethodInvocationHelper.invokeMethod(MethodInvocationHelper.java:134)
at org.testng.internal.TestInvoker.invokeMethod(TestInvoker.java:597)
at org.testng.internal.TestInvoker.invokeTestMethod(TestInvoker.java:173)
at org.testng.internal.MethodRunner.runInSequence(MethodRunner.java:46)
at org.testng.internal.TestInvoker$MethodInvocationAgent.invoke(TestInvoker.java:816)
at org.testng.internal.TestInvoker.invokeTestMethods(TestInvoker.java:146)
at org.testng.internal.TestMethodWorker.invokeTestMethods(TestMethodWorker.java:146)
at org.testng.internal.TestMethodWorker.run(TestMethodWorker.java:128)
at java.base/java.util.concurrent.ThreadPoolExecutor.runWorker(ThreadPoolExecutor.java:1128)
at java.base/java.util.concurrent.ThreadPoolExecutor$Worker.run(ThreadPoolExecutor.java:628)
at java.base/java.lang.Thread.run(Thread.java:834)
]]>
    </error>
  </testcase> <!-- setCsrfToken -->
  <system-out/>
  <testcase classname="com.sentieo.mobile.Test1" name="loginWithEmail" time="0.005">
    <error message="Receiver class io.restassured.internal.ResponseParserRegistrar does not define or inherit an implementation of the resolved method abstract getProperty(Ljava/lang/String;)Ljava/lang/Object; of interface groovy.lang.GroovyObject." type="java.lang.AbstractMethodError">
      <![CDATA[java.lang.AbstractMethodError: Receiver class io.restassured.internal.ResponseParserRegistrar does not define or inherit an implementation of the resolved method abstract getProperty(Ljava/lang/String;)Ljava/lang/Object; of interface groovy.lang.GroovyObject.
at org.codehaus.groovy.runtime.callsite.PogoGetPropertySite.getProperty(PogoGetPropertySite.java:50)
at org.codehaus.groovy.runtime.callsite.AbstractCallSite.callGroovyObjectGetProperty(AbstractCallSite.java:307)
at io.restassured.internal.ResponseParserRegistrar.<init>(ResponseParserRegistrar.groovy:44)
at io.restassured.RestAssured.createTestSpecification(RestAssured.java:1448)
at io.restassured.RestAssured.given(RestAssured.java:653)
at com.sentieo.mobile.Test1.loginWithEmail(Test1.java:68)
at java.base/jdk.internal.reflect.NativeMethodAccessorImpl.invoke0(Native Method)
at java.base/jdk.internal.reflect.NativeMethodAccessorImpl.invoke(NativeMethodAccessorImpl.java:62)
at java.base/jdk.internal.reflect.DelegatingMethodAccessorImpl.invoke(DelegatingMethodAccessorImpl.java:43)
at java.base/java.lang.reflect.Method.invoke(Method.java:566)
at org.testng.internal.MethodInvocationHelper.invokeMethod(MethodInvocationHelper.java:134)
at org.testng.internal.TestInvoker.invokeMethod(TestInvoker.java:597)
at org.testng.internal.TestInvoker.invokeTestMethod(TestInvoker.java:173)
at org.testng.internal.MethodRunner.runInSequence(MethodRunner.java:46)
at org.testng.internal.TestInvoker$MethodInvocationAgent.invoke(TestInvoker.java:816)
at org.testng.internal.TestInvoker.invokeTestMethods(TestInvoker.java:146)
at org.testng.internal.TestMethodWorker.invokeTestMethods(TestMethodWorker.java:146)
at org.testng.internal.TestMethodWorker.run(TestMethodWorker.java:128)
at java.base/java.util.concurrent.ThreadPoolExecutor.runWorker(ThreadPoolExecutor.java:1128)
at java.base/java.util.concurrent.ThreadPoolExecutor$Worker.run(ThreadPoolExecutor.java:628)
at java.base/java.lang.Thread.run(Thread.java:834)
]]>
    </error>
  </testcase> <!-- loginWithEmail -->
  <system-out/>
  <testcase classname="com.sentieo.mobile.Test1" name="uploadFile" time="0.002">
    <error message="Receiver class io.restassured.internal.ResponseParserRegistrar does not define or inherit an implementation of the resolved method abstract getProperty(Ljava/lang/String;)Ljava/lang/Object; of interface groovy.lang.GroovyObject." type="java.lang.AbstractMethodError">
      <![CDATA[java.lang.AbstractMethodError: Receiver class io.restassured.internal.ResponseParserRegistrar does not define or inherit an implementation of the resolved method abstract getProperty(Ljava/lang/String;)Ljava/lang/Object; of interface groovy.lang.GroovyObject.
at org.codehaus.groovy.runtime.callsite.PogoGetPropertySite.getProperty(PogoGetPropertySite.java:50)
at org.codehaus.groovy.runtime.callsite.AbstractCallSite.callGroovyObjectGetProperty(AbstractCallSite.java:307)
at io.restassured.internal.ResponseParserRegistrar.<init>(ResponseParserRegistrar.groovy:44)
at io.restassured.RestAssured.createTestSpecification(RestAssured.java:1448)
at io.restassured.RestAssured.given(RestAssured.java:653)
at com.sentieo.mobile.Test1.uploadFile(Test1.java:225)
at java.base/jdk.internal.reflect.NativeMethodAccessorImpl.invoke0(Native Method)
at java.base/jdk.internal.reflect.NativeMethodAccessorImpl.invoke(NativeMethodAccessorImpl.java:62)
at java.base/jdk.internal.reflect.DelegatingMethodAccessorImpl.invoke(DelegatingMethodAccessorImpl.java:43)
at java.base/java.lang.reflect.Method.invoke(Method.java:566)
at org.testng.internal.MethodInvocationHelper.invokeMethod(MethodInvocationHelper.java:134)
at org.testng.internal.TestInvoker.invokeMethod(TestInvoker.java:597)
at org.testng.internal.TestInvoker.invokeTestMethod(TestInvoker.java:173)
at org.testng.internal.MethodRunner.runInSequence(MethodRunner.java:46)
at org.testng.internal.TestInvoker$MethodInvocationAgent.invoke(TestInvoker.java:816)
at org.testng.internal.TestInvoker.invokeTestMethods(TestInvoker.java:146)
at org.testng.internal.TestMethodWorker.invokeTestMethods(TestMethodWorker.java:146)
at org.testng.internal.TestMethodWorker.run(TestMethodWorker.java:128)
at java.base/java.util.concurrent.ThreadPoolExecutor.runWorker(ThreadPoolExecutor.java:1128)
at java.base/java.util.concurrent.ThreadPoolExecutor$Worker.run(ThreadPoolExecutor.java:628)
at java.base/java.lang.Thread.run(Thread.java:834)
]]>
    </error>
  </testcase> <!-- uploadFile -->
  <system-out/>
  <testcase classname="com.sentieo.mobile.Test1" name="fetchGraphDataForPriceChart" time="0.000">
    <skipped/>
  </testcase> <!-- fetchGraphDataForPriceChart -->
  <system-out/>
  <testcase classname="com.sentieo.mobile.Test1" name="createNoteForAttachments" time="0.003">
    <error message="Receiver class io.restassured.internal.ResponseParserRegistrar does not define or inherit an implementation of the resolved method abstract getProperty(Ljava/lang/String;)Ljava/lang/Object; of interface groovy.lang.GroovyObject." type="java.lang.AbstractMethodError">
      <![CDATA[java.lang.AbstractMethodError: Receiver class io.restassured.internal.ResponseParserRegistrar does not define or inherit an implementation of the resolved method abstract getProperty(Ljava/lang/String;)Ljava/lang/Object; of interface groovy.lang.GroovyObject.
at org.codehaus.groovy.runtime.callsite.PogoGetPropertySite.getProperty(PogoGetPropertySite.java:50)
at org.codehaus.groovy.runtime.callsite.AbstractCallSite.callGroovyObjectGetProperty(AbstractCallSite.java:307)
at io.restassured.internal.ResponseParserRegistrar.<init>(ResponseParserRegistrar.groovy:44)
at io.restassured.RestAssured.createTestSpecification(RestAssured.java:1448)
at io.restassured.RestAssured.given(RestAssured.java:653)
at com.sentieo.mobile.Test1.createNoteForAttachments(Test1.java:260)
at java.base/jdk.internal.reflect.NativeMethodAccessorImpl.invoke0(Native Method)
at java.base/jdk.internal.reflect.NativeMethodAccessorImpl.invoke(NativeMethodAccessorImpl.java:62)
at java.base/jdk.internal.reflect.DelegatingMethodAccessorImpl.invoke(DelegatingMethodAccessorImpl.java:43)
at java.base/java.lang.reflect.Method.invoke(Method.java:566)
at org.testng.internal.MethodInvocationHelper.invokeMethod(MethodInvocationHelper.java:134)
at org.testng.internal.TestInvoker.invokeMethod(TestInvoker.java:597)
at org.testng.internal.TestInvoker.invokeTestMethod(TestInvoker.java:173)
at org.testng.internal.MethodRunner.runInSequence(MethodRunner.java:46)
at org.testng.internal.TestInvoker$MethodInvocationAgent.invoke(TestInvoker.java:816)
at org.testng.internal.TestInvoker.invokeTestMethods(TestInvoker.java:146)
at org.testng.internal.TestMethodWorker.invokeTestMethods(TestMethodWorker.java:146)
at org.testng.internal.TestMethodWorker.run(TestMethodWorker.java:128)
at java.base/java.util.concurrent.ThreadPoolExecutor.runWorker(ThreadPoolExecutor.java:1128)
at java.base/java.util.concurrent.ThreadPoolExecutor$Worker.run(ThreadPoolExecutor.java:628)
at java.base/java.lang.Thread.run(Thread.java:834)
]]>
    </error>
  </testcase> <!-- createNoteForAttachments -->
  <system-out/>
</testsuite> <!-- com.sentieo.mobile.Test1 -->
